<?xml version="1.0" encoding="UTF-8"?>
<!-- Generated by org.testng.reporters.JUnitReportReporter -->
<testsuite hostname="DESKTOP-TL6E7AH" failures="0" tests="2" name="com.Test.ROSA.Sample" time="7.518" errors="0" timestamp="2024-02-28T10:30:36 IST" skipped="0">
  <testcase classname="com.Test.ROSA.Sample" name="testscript6_Test" time="4.587"/>
  <testcase classname="com.Test.ROSA.Sample" name="testscript5_Test" time="2.931"/>
</testsuite> <!-- com.Test.ROSA.Sample -->
