<?xml version="1.0" encoding="UTF-8"?>
<!-- Generated by org.testng.reporters.JUnitReportReporter -->
<testsuite hostname="DESKTOP-TL6E7AH" failures="0" tests="1" name="com.Product.ROSA.AddProductToCartAndRemoveTest" time="4.337" errors="0" timestamp="2024-02-28T15:46:27 IST" skipped="0">
  <testcase classname="com.Product.ROSA.AddProductToCartAndRemoveTest" name="addProductToCartAndRemoveTest" time="4.337"/>
</testsuite> <!-- com.Product.ROSA.AddProductToCartAndRemoveTest -->
