<?xml version="1.0" encoding="UTF-8"?>
<!-- Generated by org.testng.reporters.JUnitReportReporter -->
<testsuite hostname="DESKTOP-TL6E7AH" failures="0" tests="2" name="com.Test.ROSA.Demo1" time="7.028" errors="0" timestamp="2024-02-28T10:30:36 IST" skipped="0">
  <testcase classname="com.Test.ROSA.Demo1" name="testscript1_Test" time="2.934"/>
  <testcase classname="com.Test.ROSA.Demo1" name="testscript2_Test" time="4.094"/>
</testsuite> <!-- com.Test.ROSA.Demo1 -->
