<?xml version="1.0" encoding="UTF-8"?>
<!-- Generated by org.testng.reporters.JUnitReportReporter -->
<testsuite hostname="DESKTOP-TL6E7AH" failures="0" tests="1" name="com.Product.ROSA.AddProductToWishListAndRemoveTest" time="18.394" errors="0" timestamp="2024-02-28T10:47:56 IST" skipped="0">
  <testcase classname="com.Product.ROSA.AddProductToWishListAndRemoveTest" name="addProductToWishListAndRemoveTest" time="18.394"/>
</testsuite> <!-- com.Product.ROSA.AddProductToWishListAndRemoveTest -->
