<?xml version="1.0" encoding="UTF-8"?>
<!-- Generated by org.testng.reporters.JUnitReportReporter -->
<testsuite hostname="DESKTOP-TL6E7AH" failures="0" tests="2" name="com.Test.ROSA.Practice" time="8.528" errors="0" timestamp="2024-02-28T10:30:36 IST" skipped="0">
  <testcase classname="com.Test.ROSA.Practice" name="testscript4_Test" time="5.332"/>
  <testcase classname="com.Test.ROSA.Practice" name="testscript3_Test" time="3.196"/>
</testsuite> <!-- com.Test.ROSA.Practice -->
