<?xml version="1.0" encoding="UTF-8"?>
<!-- Generated by org.testng.reporters.JUnitReportReporter -->
<testsuite hostname="DESKTOP-TL6E7AH" failures="0" tests="3" name="com.Product.ROSA.LoginTest" time="50.008" errors="0" timestamp="2024-02-26T17:25:15 IST" skipped="0">
  <testcase classname="com.Product.ROSA.LoginTest" name="login" time="10.868"/>
  <testcase classname="com.Product.ROSA.LoginTest" name="login" time="15.990"/>
  <testcase classname="com.Product.ROSA.LoginTest" name="login" time="23.150"/>
</testsuite> <!-- com.Product.ROSA.LoginTest -->
